app/build/intermediates/manifest_merge_blame_file/release/manifest-merger-blame-release-report.txt
1<?xml version="1.0" encoding="utf-8"?>
2<manifest xmlns:android="http://schemas.android.com/apk/res/android"
3    package="com.android.pindergarten_android"
4    android:versionCode="1"
5    android:versionName="1.0" >
6
7    <uses-sdk
8        android:minSdkVersion="16"
8-->src\main\AndroidManifest.xml
9        android:targetSdkVersion="30" />
9-->src\main\AndroidManifest.xml
10
11    <uses-permission android:name="android.permission.INTERNET" />
11-->src\main\AndroidManifest.xml:5:5-67
11-->src\main\AndroidManifest.xml:5:22-64
12    <uses-permission android:name="android.permission.ACCESS_COARSE_LOCATION" />
12-->src\main\AndroidManifest.xml:6:5-81
12-->src\main\AndroidManifest.xml:6:22-78
13    <uses-permission android:name="android.permission.ACCESS_FINE_LOCATION" />
13-->src\main\AndroidManifest.xml:7:5-79
13-->src\main\AndroidManifest.xml:7:22-76
14    <uses-permission android:name="android.permission.READ_EXTERNAL_STORAGE" />
14-->src\main\AndroidManifest.xml:8:5-80
14-->src\main\AndroidManifest.xml:8:22-77
15    <uses-permission android:name="android.permission.WAKE_LOCK" />
15-->src\main\AndroidManifest.xml:9:5-67
15-->src\main\AndroidManifest.xml:9:22-65
16    <uses-permission android:name="android.permission.CALL_PHONE" />
16-->src\main\AndroidManifest.xml:10:5-69
16-->src\main\AndroidManifest.xml:10:22-66
17
18    <uses-feature
18-->[com.naver.maps:map-sdk:3.10.2] AndroidManifest.xml:11:5-13:35
19        android:glEsVersion="0x00020000"
19-->[com.naver.maps:map-sdk:3.10.2] AndroidManifest.xml:12:9-41
20        android:required="true" />
20-->[com.naver.maps:map-sdk:3.10.2] AndroidManifest.xml:13:9-32
21    <uses-feature
21-->[com.naver.maps:map-sdk:3.10.2] AndroidManifest.xml:14:5-16:36
22        android:name="android.hardware.wifi"
22-->[com.naver.maps:map-sdk:3.10.2] AndroidManifest.xml:15:9-45
23        android:required="false" />
23-->[com.naver.maps:map-sdk:3.10.2] AndroidManifest.xml:16:9-33
24
25    <uses-permission android:name="android.permission.ACCESS_NETWORK_STATE" />
25-->[com.naver.maps:map-sdk:3.10.2] AndroidManifest.xml:19:5-79
25-->[com.naver.maps:map-sdk:3.10.2] AndroidManifest.xml:19:22-76
26    <uses-permission android:name="android.permission.ACCESS_WIFI_STATE" />
26-->[com.naver.maps:map-sdk:3.10.2] AndroidManifest.xml:20:5-76
26-->[com.naver.maps:map-sdk:3.10.2] AndroidManifest.xml:20:22-73
27
28    <application
28-->src\main\AndroidManifest.xml:13:5-53:19
29        android:name="androidx.multidex.MultiDexApplication"
30        android:allowBackup="true"
30-->src\main\AndroidManifest.xml:15:9-35
31        android:appComponentFactory="androidx.core.app.CoreComponentFactory"
31-->[androidx.core:core:1.6.0] AndroidManifest.xml:24:18-86
32        android:icon="@mipmap/pindergarten_logo"
32-->src\main\AndroidManifest.xml:16:9-49
33        android:label="@string/app_name"
33-->src\main\AndroidManifest.xml:17:9-41
34        android:roundIcon="@mipmap/pindergarten_logo_round"
34-->src\main\AndroidManifest.xml:18:9-60
35        android:supportsRtl="true"
35-->src\main\AndroidManifest.xml:19:9-35
36        android:theme="@style/Theme.Pindergarten_android"
36-->src\main\AndroidManifest.xml:20:9-58
37        android:usesCleartextTraffic="true" >
37-->src\main\AndroidManifest.xml:14:9-44
38        <meta-data
38-->src\main\AndroidManifest.xml:22:9-24:42
39            android:name="com.naver.maps.map.CLIENT_ID"
39-->src\main\AndroidManifest.xml:23:13-56
40            android:value="7f1u7f4vb5" />
40-->src\main\AndroidManifest.xml:24:13-39
41
42        <activity android:name="com.android.pindergarten_android.SplashActivity" >
42-->src\main\AndroidManifest.xml:26:9-31:20
42-->src\main\AndroidManifest.xml:26:19-81
43            <intent-filter>
43-->src\main\AndroidManifest.xml:27:13-30:29
44                <action android:name="android.intent.action.MAIN" />
44-->src\main\AndroidManifest.xml:28:17-69
44-->src\main\AndroidManifest.xml:28:25-66
45
46                <category android:name="android.intent.category.LAUNCHER" />
46-->src\main\AndroidManifest.xml:29:17-77
46-->src\main\AndroidManifest.xml:29:27-74
47            </intent-filter>
48        </activity>
49        <activity android:name="com.android.pindergarten_android.JoinActivity" />
49-->src\main\AndroidManifest.xml:34:9-81
49-->src\main\AndroidManifest.xml:34:19-79
50        <activity android:name="com.android.pindergarten_android.Join2Activity" />
50-->src\main\AndroidManifest.xml:35:9-82
50-->src\main\AndroidManifest.xml:35:19-80
51        <activity android:name="com.android.pindergarten_android.Join3Activity" />
51-->src\main\AndroidManifest.xml:36:9-82
51-->src\main\AndroidManifest.xml:36:19-80
52        <activity android:name="com.android.pindergarten_android.FindPwdActivity" />
52-->src\main\AndroidManifest.xml:37:9-84
52-->src\main\AndroidManifest.xml:37:19-82
53        <activity android:name="com.android.pindergarten_android.FindPwd2Activity" />
53-->src\main\AndroidManifest.xml:38:9-85
53-->src\main\AndroidManifest.xml:38:19-83
54        <activity android:name="com.android.pindergarten_android.LoginActivity" />
54-->src\main\AndroidManifest.xml:39:9-82
54-->src\main\AndroidManifest.xml:39:19-80
55        <activity android:name="com.android.pindergarten_android.OnboardingActivity" />
55-->src\main\AndroidManifest.xml:40:9-87
55-->src\main\AndroidManifest.xml:40:19-85
56        <activity
56-->src\main\AndroidManifest.xml:41:9-126
57            android:name="com.android.pindergarten_android.MainActivity"
57-->src\main\AndroidManifest.xml:41:19-79
58            android:windowSoftInputMode="adjustResize" />
58-->src\main\AndroidManifest.xml:41:81-123
59
60        <provider
60-->src\main\AndroidManifest.xml:43:9-51:20
61            android:name="androidx.core.content.FileProvider"
61-->src\main\AndroidManifest.xml:44:13-62
62            android:authorities="{com.android.pindergarten_android}.provider"
62-->src\main\AndroidManifest.xml:45:13-78
63            android:exported="false"
63-->src\main\AndroidManifest.xml:46:13-37
64            android:grantUriPermissions="true" >
64-->src\main\AndroidManifest.xml:47:13-47
65            <meta-data
65-->src\main\AndroidManifest.xml:48:13-50:49
66                android:name="android.support.FILE_PROVIDER_PATHS"
66-->src\main\AndroidManifest.xml:49:17-67
67                android:resource="@xml/paths" />
67-->src\main\AndroidManifest.xml:50:17-46
68        </provider>
69
70        <activity
70-->[gun0912.ted:tedpermission:2.2.0] AndroidManifest.xml:10:9-14:67
71            android:name="com.gun0912.tedpermission.TedPermissionActivity"
71-->[gun0912.ted:tedpermission:2.2.0] AndroidManifest.xml:11:13-75
72            android:configChanges="mcc|mnc|locale|keyboard|keyboardHidden|screenLayout|fontScale|uiMode|orientation|screenSize|layoutDirection"
72-->[gun0912.ted:tedpermission:2.2.0] AndroidManifest.xml:12:13-144
73            android:screenOrientation="unspecified"
73-->[gun0912.ted:tedpermission:2.2.0] AndroidManifest.xml:13:13-52
74            android:theme="@style/Theme.Transparent.Permission" />
74-->[gun0912.ted:tedpermission:2.2.0] AndroidManifest.xml:14:13-64
75        <activity
75-->[com.naver.maps:map-sdk:3.10.2] AndroidManifest.xml:23:9-27:51
76            android:name="com.naver.maps.map.app.LegendActivity"
76-->[com.naver.maps:map-sdk:3.10.2] AndroidManifest.xml:24:13-65
77            android:configChanges="screenSize|smallestScreenSize|screenLayout|orientation"
77-->[com.naver.maps:map-sdk:3.10.2] AndroidManifest.xml:25:13-91
78            android:label="@string/navermap_legend"
78-->[com.naver.maps:map-sdk:3.10.2] AndroidManifest.xml:26:13-52
79            android:theme="@style/navermap_app" />
79-->[com.naver.maps:map-sdk:3.10.2] AndroidManifest.xml:27:13-48
80        <activity
80-->[com.naver.maps:map-sdk:3.10.2] AndroidManifest.xml:28:9-32:51
81            android:name="com.naver.maps.map.app.LegalNoticeActivity"
81-->[com.naver.maps:map-sdk:3.10.2] AndroidManifest.xml:29:13-70
82            android:configChanges="screenSize|smallestScreenSize|screenLayout|orientation"
82-->[com.naver.maps:map-sdk:3.10.2] AndroidManifest.xml:30:13-91
83            android:label="@string/navermap_legal_notice"
83-->[com.naver.maps:map-sdk:3.10.2] AndroidManifest.xml:31:13-58
84            android:theme="@style/navermap_app" />
84-->[com.naver.maps:map-sdk:3.10.2] AndroidManifest.xml:32:13-48
85        <activity
85-->[com.naver.maps:map-sdk:3.10.2] AndroidManifest.xml:33:9-37:51
86            android:name="com.naver.maps.map.app.OpenSourceLicenseActivity"
86-->[com.naver.maps:map-sdk:3.10.2] AndroidManifest.xml:34:13-76
87            android:configChanges="screenSize|smallestScreenSize|screenLayout|orientation"
87-->[com.naver.maps:map-sdk:3.10.2] AndroidManifest.xml:35:13-91
88            android:label="@string/navermap_open_source_license"
88-->[com.naver.maps:map-sdk:3.10.2] AndroidManifest.xml:36:13-65
89            android:theme="@style/navermap_app" /> <!-- Needs to be explicitly declared on P+ -->
89-->[com.naver.maps:map-sdk:3.10.2] AndroidManifest.xml:37:13-48
90        <uses-library
90-->[com.google.android.gms:play-services-maps:17.0.0] AndroidManifest.xml:33:9-35:40
91            android:name="org.apache.http.legacy"
91-->[com.google.android.gms:play-services-maps:17.0.0] AndroidManifest.xml:34:13-50
92            android:required="false" />
92-->[com.google.android.gms:play-services-maps:17.0.0] AndroidManifest.xml:35:13-37
93
94        <activity
94-->[com.google.android.gms:play-services-base:17.0.0] AndroidManifest.xml:23:9-26:75
95            android:name="com.google.android.gms.common.api.GoogleApiActivity"
95-->[com.google.android.gms:play-services-base:17.0.0] AndroidManifest.xml:24:13-79
96            android:exported="false"
96-->[com.google.android.gms:play-services-base:17.0.0] AndroidManifest.xml:25:13-37
97            android:theme="@android:style/Theme.Translucent.NoTitleBar" />
97-->[com.google.android.gms:play-services-base:17.0.0] AndroidManifest.xml:26:13-72
98
99        <meta-data
99-->[com.google.android.gms:play-services-basement:17.0.0] AndroidManifest.xml:23:9-25:69
100            android:name="com.google.android.gms.version"
100-->[com.google.android.gms:play-services-basement:17.0.0] AndroidManifest.xml:24:13-58
101            android:value="@integer/google_play_services_version" />
101-->[com.google.android.gms:play-services-basement:17.0.0] AndroidManifest.xml:25:13-66
102    </application>
103
104</manifest>